NSDR for /stool_5_03.wav : [ 2.7746847]
NSDR for /leon_1_02.wav : [ 5.11028208]
NSDR for /leon_3_09.wav : [ 1.66533966]
NSDR for /leon_5_02.wav : [ 4.50198945]
NSDR for /leon_3_06.wav : [ 2.095801]
NSDR for /yifen_1_07.wav : [ 4.70071827]
NSDR for /titon_1_06.wav : [ 7.15034676]
NSDR for /leon_5_09.wav : [ 7.06278027]
NSDR for /leon_5_11.wav : [ 6.36988397]
NSDR for /tammy_1_05.wav : [ 2.37651326]
GNSDR in the batch: [ 4.25297416]
average time taken in per clip: 0.000780214683478
NSDR for /yifen_2_01.wav : [ 10.1872008]
NSDR for /leon_4_05.wav : [ 4.10396457]
NSDR for /leon_3_09.wav : [ 1.66533966]
NSDR for /stool_4_02.wav : [ 2.2532816]
NSDR for /leon_5_09.wav : [ 7.06278027]
NSDR for /leon_3_06.wav : [ 2.095801]
NSDR for /leon_5_11.wav : [ 6.36988397]
NSDR for /titon_1_07.wav : [ 3.23041839]
NSDR for /leon_1_08.wav : [ 6.45043713]
NSDR for /yifen_1_07.wav : [ 4.70071827]
GNSDR in the batch: [ 4.74980306]
average time taken in per clip: 0.000816441123383
NSDR for /khair_3_01.wav : [-2.64729113]
NSDR for /tammy_1_08.wav : [ 7.92740425]
NSDR for /khair_2_01.wav : [ 1.38902969]
NSDR for /khair_4_07.wav : [-0.53687005]
NSDR for /khair_3_06.wav : [-0.12069377]
NSDR for /tammy_1_01.wav : [ 1.56555971]
NSDR for /yifen_1_15.wav : [ 2.62500848]
NSDR for /stool_4_02.wav : [ 2.2532816]
NSDR for /leon_4_05.wav : [ 4.10396457]
NSDR for /yifen_1_11.wav : [ 5.45127289]
GNSDR in the batch: [ 2.0962299]
average time taken in per clip: 0.000791307571487
NSDR for /khair_4_07.wav : [-0.53687005]
NSDR for /yifen_4_02.wav : [ 3.94455703]
NSDR for /leon_4_05.wav : [ 4.10396457]
NSDR for /khair_6_06.wav : [-0.98844501]
NSDR for /tammy_1_05.wav : [ 2.37651326]
NSDR for /yifen_1_15.wav : [ 2.62500848]
NSDR for /titon_1_06.wav : [ 7.15034676]
NSDR for /khair_3_06.wav : [-0.12069377]
NSDR for /leon_2_06.wav : [ 7.42851447]
NSDR for /stool_4_01.wav : [ 2.66540367]
GNSDR in the batch: [ 2.57469847]
average time taken in per clip: 0.000778540509803
NSDR for /yifen_3_05.wav : [ 3.01235232]
NSDR for /yifen_2_09.wav : [ 8.01582582]
NSDR for /leon_9_03.wav : [ 7.7259022]
NSDR for /leon_3_06.wav : [ 2.095801]
NSDR for /tammy_1_01.wav : [ 1.56555971]
NSDR for /yifen_1_11.wav : [ 5.45127289]
NSDR for /titon_1_07.wav : [ 3.23041839]
NSDR for /titon_2_05.wav : [ 9.26322263]
NSDR for /stool_1_04.wav : [ 2.84649744]
NSDR for /stool_4_01.wav : [ 2.66540367]
GNSDR in the batch: [ 4.53964133]
average time taken in per clip: 0.000782730086222
