NSDR for /fdps_2_04.wav : [ 6.06122233]
NSDR for /bobon_4_10.wav : [ 4.7568334]
NSDR for /davidson_4_06.wav : [ 0.38025074]
NSDR for /bobon_4_01.wav : [-3.73056964]
NSDR for /fdps_1_10.wav : [ 3.12061723]
NSDR for /ariel_1_06.wav : [ 1.5057944]
NSDR for /bobon_3_01.wav : [-1.43067668]
NSDR for /bobon_3_07.wav : [ 2.21939942]
NSDR for /ariel_1_04.wav : [ 0.26994188]
NSDR for /annar_3_04.wav : [-1.73942239]
GNSDR in the batch: [ 1.32629493]
average time taken in per clip: 0.000666368736389
NSDR for /bobon_4_09.wav : [ 1.63120087]
NSDR for /annar_3_04.wav : [-1.73942239]
NSDR for /fdps_2_04.wav : [ 6.06122233]
NSDR for /fdps_1_05.wav : [ 5.66869216]
NSDR for /bobon_3_03.wav : [ 4.05108763]
NSDR for /davidson_4_06.wav : [ 0.38025074]
NSDR for /davidson_4_04.wav : [-1.2835717]
NSDR for /davidson_2_04.wav : [-3.98639292]
NSDR for /annar_3_01.wav : [-2.6057418]
NSDR for /bug_3_06.wav : [ 1.95418495]
GNSDR in the batch: [ 1.17840145]
average time taken in per clip: 0.00067484169241
NSDR for /davidson_5_04.wav : [-0.02511157]
NSDR for /bug_5_08.wav : [-0.26503242]
NSDR for /annar_5_08.wav : [ 7.21063263]
NSDR for /davidson_2_04.wav : [-3.98639292]
NSDR for /bobon_2_04.wav : [ 4.30881604]
NSDR for /davidson_1_05.wav : [-11.1126037]
NSDR for /annar_1_05.wav : [ 0.12846519]
NSDR for /bug_3_07.wav : [ 1.77066479]
NSDR for /davidson_4_04.wav : [-1.2835717]
NSDR for /davidson_4_06.wav : [ 0.38025074]
GNSDR in the batch: [-0.61110352]
average time taken in per clip: 0.000698192735296
NSDR for /bobon_4_09.wav : [ 1.63120087]
NSDR for /fdps_1_01.wav : [ 4.0086912]
NSDR for /bobon_4_05.wav : [-0.25992401]
NSDR for /bobon_2_02.wav : [ 0.13164703]
NSDR for /bobon_5_06.wav : [ 7.3973403]
NSDR for /bobon_3_02.wav : [ 4.86431061]
NSDR for /bobon_4_10.wav : [ 4.7568334]
NSDR for /bug_4_03.wav : [-5.32203288]
NSDR for /fdps_2_01.wav : [ 5.6000439]
NSDR for /annar_2_05.wav : [ 1.00735026]
GNSDR in the batch: [ 2.47084107]
average time taken in per clip: 0.000680171297817
NSDR for /fdps_2_07.wav : [-0.65561998]
NSDR for /annar_2_05.wav : [ 1.00735026]
NSDR for /bobon_3_07.wav : [ 2.21939942]
NSDR for /bug_3_06.wav : [ 1.95418495]
NSDR for /bobon_1_10.wav : [ 5.88642463]
NSDR for /annar_1_07.wav : [ 0.91633169]
NSDR for /annar_1_05.wav : [ 0.12846519]
NSDR for /bobon_2_02.wav : [ 0.13164703]
NSDR for /bobon_2_04.wav : [ 4.30881604]
NSDR for /davidson_4_02.wav : [-14.9205519]
GNSDR in the batch: [-0.00218062]
average time taken in per clip: 0.00070290676716
