NSDR for /khair_3_01.wav : [-4.17618244]
NSDR for /titon_3_02.wav : [ 5.97009647]
NSDR for /khair_4_07.wav : [-1.47249003]
NSDR for /leon_5_11.wav : [ 6.57053519]
NSDR for /leon_5_09.wav : [ 8.03250024]
NSDR for /leon_5_02.wav : [ 6.12926989]
NSDR for /khair_2_01.wav : [-0.57058128]
NSDR for /titon_1_06.wav : [ 7.59340547]
NSDR for /leon_4_07.wav : [ 6.29183801]
NSDR for /leon_1_08.wav : [ 7.09970087]
GNSDR in the batch: [ 4.2023258]
average time taken in per clip: 0.000755028091034
NSDR for /leon_3_06.wav : [ 2.96793107]
NSDR for /leon_1_02.wav : [ 3.3827597]
NSDR for /titon_2_05.wav : [ 9.87464505]
NSDR for /leon_1_12.wav : [ 8.92421064]
NSDR for /leon_1_11.wav : [ 7.30215965]
NSDR for /yifen_1_15.wav : [ 5.05805038]
NSDR for /leon_4_06.wav : [ 5.09245205]
NSDR for /yifen_3_05.wav : [-0.11028193]
NSDR for /khair_3_01.wav : [-4.17618244]
NSDR for /leon_4_05.wav : [ 5.38655232]
GNSDR in the batch: [ 4.63736655]
average time taken in per clip: 0.000764118508087
NSDR for /stool_5_03.wav : [ 2.67568624]
NSDR for /yifen_3_07.wav : [ 5.36513649]
NSDR for /khair_6_02.wav : [ 0.27723141]
NSDR for /titon_5_08.wav : [ 5.10991537]
NSDR for /titon_2_05.wav : [ 9.87464505]
NSDR for /titon_4_07.wav : [ 4.10710913]
NSDR for /leon_1_12.wav : [ 8.92421064]
NSDR for /leon_1_02.wav : [ 3.3827597]
NSDR for /khair_3_06.wav : [-2.05019192]
NSDR for /yifen_2_01.wav : [ 8.90672655]
GNSDR in the batch: [ 4.74350049]
average time taken in per clip: 0.00075327711575
NSDR for /tammy_1_02.wav : [ 4.3570479]
NSDR for /leon_9_03.wav : [ 8.87060368]
NSDR for /stool_1_04.wav : [ 1.8676936]
NSDR for /yifen_2_09.wav : [ 9.43342771]
NSDR for /yifen_1_07.wav : [ 4.52387066]
NSDR for /leon_6_05.wav : [ 4.72627354]
NSDR for /tammy_1_01.wav : [-0.56042007]
NSDR for /titon_2_05.wav : [ 9.87464505]
NSDR for /khair_6_02.wav : [ 0.27723141]
NSDR for /stool_2_02.wav : [ 2.44079855]
GNSDR in the batch: [ 4.49566133]
average time taken in per clip: 0.000764048838301
NSDR for /leon_9_03.wav : [ 8.87060368]
NSDR for /titon_2_05.wav : [ 9.87464505]
NSDR for /titon_1_01.wav : [ 0.03694515]
NSDR for /tammy_1_02.wav : [ 4.3570479]
NSDR for /khair_3_01.wav : [-4.17618244]
NSDR for /titon_1_07.wav : [ 3.41495366]
NSDR for /leon_6_05.wav : [ 4.72627354]
NSDR for /yifen_3_07.wav : [ 5.36513649]
NSDR for /khair_4_07.wav : [-1.47249003]
NSDR for /yifen_3_05.wav : [-0.11028193]
GNSDR in the batch: [ 3.25746979]
average time taken in per clip: 0.00078487432968
