NSDR for /yifen_1_07.wav : [ 3.84038845]
NSDR for /leon_1_12.wav : [ 8.35395163]
NSDR for /tammy_1_08.wav : [ 5.41836383]
NSDR for /khair_3_06.wav : [-1.80537075]
NSDR for /yifen_1_15.wav : [ 5.75721073]
NSDR for /yifen_4_02.wav : [ 2.7453882]
NSDR for /leon_9_03.wav : [ 8.07864528]
NSDR for /tammy_1_02.wav : [ 3.59474196]
NSDR for /leon_5_02.wav : [ 6.20244296]
NSDR for /titon_1_06.wav : [ 6.9382091]
GNSDR in the batch: [ 4.91145803]
average time taken in per clip: 0.000797885691266
NSDR for /leon_1_11.wav : [ 7.00740549]
NSDR for /khair_6_02.wav : [ 0.3964029]
NSDR for /yifen_1_11.wav : [ 4.1120018]
NSDR for /yifen_4_02.wav : [ 2.7453882]
NSDR for /khair_3_06.wav : [-1.80537075]
NSDR for /leon_3_09.wav : [ 1.79331137]
NSDR for /tammy_1_01.wav : [-2.44740964]
NSDR for /yifen_1_07.wav : [ 3.84038845]
NSDR for /titon_3_08.wav : [ 8.01214667]
NSDR for /leon_5_02.wav : [ 6.20244296]
GNSDR in the batch: [ 2.69168043]
average time taken in per clip: 0.00080569874405
NSDR for /leon_5_11.wav : [ 6.12737342]
NSDR for /leon_3_09.wav : [ 1.79331137]
NSDR for /yifen_1_15.wav : [ 5.75721073]
NSDR for /khair_4_07.wav : [-1.43049239]
NSDR for /yifen_4_02.wav : [ 2.7453882]
NSDR for /tammy_1_02.wav : [ 3.59474196]
NSDR for /leon_3_06.wav : [ 3.7037314]
NSDR for /yifen_1_07.wav : [ 3.84038845]
NSDR for /khair_3_01.wav : [-4.47595037]
NSDR for /khair_4_06.wav : [ 3.11066472]
GNSDR in the batch: [ 2.32648953]
average time taken in per clip: 0.000805633348508
NSDR for /leon_5_09.wav : [ 7.57263918]
NSDR for /khair_4_06.wav : [ 3.11066472]
NSDR for /leon_1_12.wav : [ 8.35395163]
NSDR for /yifen_3_12.wav : [ 3.61243963]
NSDR for /leon_1_11.wav : [ 7.00740549]
NSDR for /titon_1_06.wav : [ 6.9382091]
NSDR for /titon_3_08.wav : [ 8.01214667]
NSDR for /titon_4_07.wav : [ 2.73266697]
NSDR for /leon_5_02.wav : [ 6.20244296]
NSDR for /leon_4_05.wav : [ 5.88106651]
GNSDR in the batch: [ 5.84186377]
average time taken in per clip: 0.00078448829915
NSDR for /leon_2_06.wav : [ 7.36091508]
NSDR for /tammy_1_08.wav : [ 5.41836383]
NSDR for /leon_1_11.wav : [ 7.00740549]
NSDR for /stool_1_04.wav : [ 1.34142815]
NSDR for /yifen_2_01.wav : [ 5.81877489]
NSDR for /leon_3_09.wav : [ 1.79331137]
NSDR for /khair_6_02.wav : [ 0.3964029]
NSDR for /yifen_5_07.wav : [ 4.96932614]
NSDR for /leon_1_12.wav : [ 8.35395163]
NSDR for /leon_5_11.wav : [ 6.12737342]
GNSDR in the batch: [ 5.01937109]
average time taken in per clip: 0.000791013778889
