NSDR for /annar_3_04.wav : [ 0.52970046]
NSDR for /bug_3_07.wav : [ 5.65004313]
NSDR for /bobon_2_02.wav : [ 1.06615614]
NSDR for /bobon_1_10.wav : [ 6.31387998]
NSDR for /annar_2_05.wav : [-0.09493933]
NSDR for /fdps_2_01.wav : [ 5.14232471]
NSDR for /fdps_2_03.wav : [ 4.45412599]
NSDR for /bobon_3_02.wav : [ 6.06971661]
NSDR for /annar_1_05.wav : [ 4.10381738]
NSDR for /fdps_2_04.wav : [ 6.31207101]
GNSDR in the batch: [ 3.88834835]
average time taken in per clip: 0.000730018992497
NSDR for /annar_1_07.wav : [ 2.32548145]
NSDR for /fdps_1_01.wav : [ 5.37872736]
NSDR for /davidson_1_05.wav : [-6.92293923]
NSDR for /fdps_1_10.wav : [ 2.80236846]
NSDR for /fdps_2_07.wav : [ 0.2704703]
NSDR for /davidson_3_05.wav : [ 8.74073521]
NSDR for /bobon_3_01.wav : [ 1.61599933]
NSDR for /annar_4_03.wav : [-1.45870431]
NSDR for /bug_1_09.wav : [ 0.55028602]
NSDR for /bobon_4_10.wav : [ 4.86192081]
GNSDR in the batch: [ 1.41415695]
average time taken in per clip: 0.000725409452512
NSDR for /davidson_5_04.wav : [-1.69173535]
NSDR for /bug_4_03.wav : [-1.41895745]
NSDR for /davidson_1_05.wav : [-6.92293923]
NSDR for /davidson_4_06.wav : [ 1.05496367]
NSDR for /fdps_1_01.wav : [ 5.37872736]
NSDR for /fdps_2_07.wav : [ 0.2704703]
NSDR for /bobon_4_05.wav : [ 1.62619798]
NSDR for /bobon_3_02.wav : [ 6.06971661]
NSDR for /bug_3_07.wav : [ 5.65004313]
NSDR for /annar_2_08.wav : [ 4.16409882]
GNSDR in the batch: [ 1.38835161]
average time taken in per clip: 0.000740218557066
NSDR for /davidson_4_06.wav : [ 1.05496367]
NSDR for /davidson_5_04.wav : [-1.69173535]
NSDR for /davidson_3_05.wav : [ 8.74073521]
NSDR for /fdps_2_01.wav : [ 5.14232471]
NSDR for /bobon_5_11.wav : [ 4.08645496]
NSDR for /ariel_1_06.wav : [ 2.37631994]
NSDR for /bobon_4_10.wav : [ 4.86192081]
NSDR for /bobon_2_02.wav : [ 1.06615614]
NSDR for /bobon_3_03.wav : [ 6.22901496]
NSDR for /davidson_4_04.wav : [-1.10327188]
GNSDR in the batch: [ 3.07960664]
average time taken in per clip: 0.000739821513225
NSDR for /davidson_5_09.wav : [ 0.52145125]
NSDR for /ariel_1_06.wav : [ 2.37631994]
NSDR for /davidson_1_05.wav : [-6.92293923]
NSDR for /annar_5_08.wav : [ 7.41764059]
NSDR for /davidson_4_04.wav : [-1.10327188]
NSDR for /bobon_5_01.wav : [ 5.69211405]
NSDR for /ariel_5_08.wav : [ 2.24382029]
NSDR for /bug_5_08.wav : [ 1.62667786]
NSDR for /davidson_4_02.wav : [-11.07774132]
NSDR for /fdps_2_04.wav : [ 6.31207101]
GNSDR in the batch: [ 0.29502421]
average time taken in per clip: 0.000731092152714
