NSDR for /amy_6_02.wav : [ 8.0909473]
NSDR for /amy_15_13.wav : [ 3.34298562]
NSDR for /amy_9_06.wav : [ 6.23403471]
NSDR for /amy_6_06.wav : [ 9.56660055]
NSDR for /Ani_3_04.wav : [ 1.99788296]
NSDR for /Ani_2_01.wav : [ 3.64557798]
NSDR for /abjones_3_04.wav : [-0.40014213]
NSDR for /amy_9_01.wav : [ 7.87521466]
NSDR for /abjones_3_14.wav : [-1.1390499]
NSDR for /amy_2_04.wav : [ 5.71852899]
GNSDR in the batch: [ 4.50812064]
average time taken in per clip: 0.000862129548337
NSDR for /abjones_3_06.wav : [-2.31550775]
NSDR for /abjones_3_02.wav : [ 1.07016135]
NSDR for /abjones_2_05.wav : [ 3.88842033]
NSDR for /amy_9_09.wav : [ 5.07576025]
NSDR for /amy_11_03.wav : [ 6.01030635]
NSDR for /amy_2_03.wav : [ 4.42395241]
NSDR for /amy_6_06.wav : [ 9.56660055]
NSDR for /amy_9_05.wav : [ 5.45869741]
NSDR for /amy_6_03.wav : [ 6.72205361]
NSDR for /abjones_1_01.wav : [ 4.66942938]
GNSDR in the batch: [ 4.35728107]
average time taken in per clip: 0.0008497849507
NSDR for /amy_6_06.wav : [ 9.56660055]
NSDR for /abjones_3_04.wav : [-0.40014213]
NSDR for /Ani_2_03.wav : [ 0.85712894]
NSDR for /Ani_3_04.wav : [ 1.99788296]
NSDR for /abjones_2_05.wav : [ 3.88842033]
NSDR for /amy_10_06.wav : [ 9.40991234]
NSDR for /amy_1_07.wav : [ 7.08401172]
NSDR for /amy_11_07.wav : [ 3.84227169]
NSDR for /Ani_5_05.wav : [ 1.98885696]
NSDR for /amy_5_04.wav : [ 5.6133219]
GNSDR in the batch: [ 4.56365399]
average time taken in per clip: 0.000864745297956
NSDR for /abjones_1_01.wav : [ 4.66942938]
NSDR for /amy_11_03.wav : [ 6.01030635]
NSDR for /amy_7_07.wav : [ 7.92366178]
NSDR for /amy_11_07.wav : [ 3.84227169]
NSDR for /abjones_2_06.wav : [ 2.79395304]
NSDR for /amy_8_07.wav : [ 5.15302507]
NSDR for /amy_13_05.wav : [ 6.88577984]
NSDR for /amy_2_05.wav : [ 5.61667953]
NSDR for /abjones_3_14.wav : [-1.1390499]
NSDR for /Ani_4_10.wav : [ 0.74468842]
GNSDR in the batch: [ 4.20059167]
average time taken in per clip: 0.00086508873712
NSDR for /amy_10_06.wav : [ 9.40991234]
NSDR for /amy_6_06.wav : [ 9.56660055]
NSDR for /amy_1_07.wav : [ 7.08401172]
NSDR for /amy_14_01.wav : [ 6.86143342]
NSDR for /amy_9_01.wav : [ 7.87521466]
NSDR for /amy_2_05.wav : [ 5.61667953]
NSDR for /Ani_3_04.wav : [ 1.99788296]
NSDR for /amy_10_02.wav : [ 3.20671671]
NSDR for /amy_11_03.wav : [ 6.01030635]
NSDR for /annar_1_02.wav : [ 0.73253403]
GNSDR in the batch: [ 5.74976499]
average time taken in per clip: 0.000897757302173
