NSDR for /fdps_4_03.wav : [ 2.27806287]
NSDR for /geniusturtle_7_04.wav : [-4.69091752]
NSDR for /fdps_5_04.wav : [ 4.96679169]
NSDR for /heycat_2_02.wav : [ 6.09615763]
NSDR for /Kenshin_3_06.wav : [ 0.71654935]
NSDR for /Kenshin_4_05.wav : [-0.42494101]
NSDR for /Kenshin_5_01.wav : [ 6.19837373]
NSDR for /Kenshin_4_04.wav : [ 0.74568475]
NSDR for /jmzen_5_09.wav : [ 3.1955307]
NSDR for /jmzen_3_09.wav : [ 2.3170514]
GNSDR in the batch: [ 1.98548766]
average time taken in per clip: 0.000771277937541
NSDR for /Kenshin_5_01.wav : [ 6.19837373]
NSDR for /Kenshin_2_07.wav : [ 2.37268691]
NSDR for /Kenshin_1_02.wav : [ 0.83072356]
NSDR for /geniusturtle_6_02.wav : [-5.6973136]
NSDR for /jmzen_3_05.wav : [ 2.13121299]
NSDR for /jmzen_5_02.wav : [ 5.21573086]
NSDR for /jmzen_1_02.wav : [ 6.01567578]
NSDR for /jmzen_4_04.wav : [ 6.22304678]
NSDR for /heycat_2_04.wav : [ 5.55258291]
NSDR for /jmzen_4_01.wav : [ 1.38627175]
GNSDR in the batch: [ 2.55180851]
average time taken in per clip: 0.000766076373318
NSDR for /heycat_3_04.wav : [ 5.2689618]
NSDR for /jmzen_4_01.wav : [ 1.38627175]
NSDR for /fdps_4_03.wav : [ 2.27806287]
NSDR for /Kenshin_5_01.wav : [ 6.19837373]
NSDR for /jmzen_1_02.wav : [ 6.01567578]
NSDR for /heycat_4_01.wav : [ 2.86570584]
NSDR for /geniusturtle_6_01.wav : [-0.73891318]
NSDR for /fdps_3_02.wav : [ 6.77506385]
NSDR for /heycat_3_05.wav : [ 4.60069353]
NSDR for /fdps_5_02.wav : [ 1.13256844]
GNSDR in the batch: [ 3.27307589]
average time taken in per clip: 0.000754487791057
NSDR for /Kenshin_3_06.wav : [ 0.71654935]
NSDR for /heycat_4_01.wav : [ 2.86570584]
NSDR for /Kenshin_4_01.wav : [ 4.0100604]
NSDR for /Kenshin_4_04.wav : [ 0.74568475]
NSDR for /fdps_5_04.wav : [ 4.96679169]
NSDR for /fdps_5_02.wav : [ 1.13256844]
NSDR for /jmzen_4_01.wav : [ 1.38627175]
NSDR for /fdps_3_02.wav : [ 6.77506385]
NSDR for /geniusturtle_4_06.wav : [-4.79995591]
NSDR for /fdps_4_03.wav : [ 2.27806287]
GNSDR in the batch: [ 2.12756685]
average time taken in per clip: 0.000760788242907
NSDR for /geniusturtle_6_01.wav : [-0.73891318]
NSDR for /jmzen_1_09.wav : [ 2.80201075]
NSDR for /Kenshin_2_11.wav : [ 2.05962872]
NSDR for /jmzen_3_05.wav : [ 2.13121299]
NSDR for /jmzen_5_09.wav : [ 3.1955307]
NSDR for /Kenshin_1_02.wav : [ 0.83072356]
NSDR for /geniusturtle_7_15.wav : [-0.96186079]
NSDR for /geniusturtle_6_02.wav : [-5.6973136]
NSDR for /jmzen_3_08.wav : [ 4.15305506]
NSDR for /Kenshin_1_06.wav : [ 3.72872212]
GNSDR in the batch: [ 0.8925068]
average time taken in per clip: 0.000775410154878
