NSDR for /yifen_3_12.wav : [ 2.77799788]
NSDR for /khair_4_07.wav : [ 0.00605476]
NSDR for /titon_3_08.wav : [ 3.81495028]
NSDR for /tammy_1_02.wav : [ 5.75758804]
NSDR for /leon_4_05.wav : [ 3.47729356]
NSDR for /khair_2_01.wav : [ 0.93681397]
NSDR for /leon_3_09.wav : [ 1.61978611]
NSDR for /leon_1_02.wav : [ 4.83265098]
NSDR for /stool_5_03.wav : [ 2.42136227]
NSDR for /yifen_3_07.wav : [ 2.86649064]
GNSDR in the batch: [ 2.85992209]
average time taken in per clip: 0.000687139309917
NSDR for /leon_5_09.wav : [ 5.24802777]
NSDR for /yifen_2_09.wav : [ 6.54810635]
NSDR for /khair_3_01.wav : [-0.83038582]
NSDR for /leon_5_02.wav : [ 3.46718044]
NSDR for /leon_4_07.wav : [ 4.48364825]
NSDR for /leon_9_03.wav : [ 5.16171767]
NSDR for /yifen_4_02.wav : [ 3.54911074]
NSDR for /yifen_3_05.wav : [ 3.34796636]
NSDR for /titon_5_08.wav : [ 4.88019308]
NSDR for /leon_6_05.wav : [ 4.41994651]
GNSDR in the batch: [ 4.06266168]
average time taken in per clip: 0.000666953079095
NSDR for /leon_4_07.wav : [ 4.48364825]
NSDR for /tammy_1_08.wav : [ 6.88206379]
NSDR for /yifen_2_09.wav : [ 6.54810635]
NSDR for /leon_1_11.wav : [ 6.45784863]
NSDR for /leon_5_02.wav : [ 3.46718044]
NSDR for /yifen_2_01.wav : [ 8.95432476]
NSDR for /stool_4_02.wav : [ 2.76020576]
NSDR for /khair_2_01.wav : [ 0.93681397]
NSDR for /leon_5_01.wav : [ 5.16286002]
NSDR for /leon_3_09.wav : [ 1.61978611]
GNSDR in the batch: [ 4.76741455]
average time taken in per clip: 0.000652896520451
NSDR for /yifen_2_01.wav : [ 8.95432476]
NSDR for /tammy_1_08.wav : [ 6.88206379]
NSDR for /stool_4_01.wav : [ 2.98300686]
NSDR for /yifen_4_02.wav : [ 3.54911074]
NSDR for /yifen_1_07.wav : [ 3.80972744]
NSDR for /khair_4_07.wav : [ 0.00605476]
NSDR for /leon_4_05.wav : [ 3.47729356]
NSDR for /titon_1_01.wav : [-2.21019641]
NSDR for /leon_5_11.wav : [ 5.03960425]
NSDR for /yifen_3_12.wav : [ 2.77799788]
GNSDR in the batch: [ 3.39050242]
average time taken in per clip: 0.000693522604056
NSDR for /tammy_1_01.wav : [ 2.59119161]
NSDR for /leon_6_05.wav : [ 4.41994651]
NSDR for /titon_1_01.wav : [-2.21019641]
NSDR for /titon_1_06.wav : [ 5.4150079]
NSDR for /yifen_3_05.wav : [ 3.34796636]
NSDR for /titon_3_08.wav : [ 3.81495028]
NSDR for /yifen_3_12.wav : [ 2.77799788]
NSDR for /leon_1_12.wav : [ 6.75441185]
NSDR for /stool_4_01.wav : [ 2.98300686]
NSDR for /yifen_1_07.wav : [ 3.80972744]
GNSDR in the batch: [ 3.40188412]
average time taken in per clip: 0.000671277596564
