NSDR for /abjones_3_03.wav : [ 2.23080983]
NSDR for /amy_10_02.wav : [ 2.8532786]
NSDR for /amy_9_05.wav : [ 6.23725265]
NSDR for /Ani_3_04.wav : [ 1.32397785]
NSDR for /Ani_3_06.wav : [ 4.50271983]
NSDR for /amy_6_02.wav : [ 10.16803129]
NSDR for /amy_14_01.wav : [ 6.43026996]
NSDR for /Ani_2_03.wav : [-0.18854666]
NSDR for /abjones_3_14.wav : [-0.61451952]
NSDR for /amy_2_03.wav : [ 4.29350185]
GNSDR in the batch: [ 3.81803805]
average time taken in per clip: 0.000650211523431
NSDR for /Ani_3_06.wav : [ 4.50271983]
NSDR for /amy_10_06.wav : [ 11.90146253]
NSDR for /amy_9_06.wav : [ 7.43695007]
NSDR for /amy_9_09.wav : [ 5.7715404]
NSDR for /amy_2_06.wav : [ 3.31201682]
NSDR for /amy_11_03.wav : [ 6.93507181]
NSDR for /abjones_3_02.wav : [ 1.79690693]
NSDR for /abjones_3_03.wav : [ 2.23080983]
NSDR for /amy_12_01.wav : [-0.77046146]
NSDR for /abjones_4_01.wav : [ 1.53390747]
GNSDR in the batch: [ 4.27573237]
average time taken in per clip: 0.000656363462329
NSDR for /abjones_3_06.wav : [-2.03650065]
NSDR for /abjones_2_05.wav : [ 2.79550817]
NSDR for /Ani_3_04.wav : [ 1.32397785]
NSDR for /amy_9_01.wav : [ 8.93606524]
NSDR for /amy_2_04.wav : [ 5.71513039]
NSDR for /amy_5_04.wav : [ 4.70886578]
NSDR for /Ani_1_05.wav : [ 4.21008776]
NSDR for /amy_11_03.wav : [ 6.93507181]
NSDR for /Ani_1_01.wav : [ 3.8255267]
NSDR for /amy_11_07.wav : [ 3.84666751]
GNSDR in the batch: [ 4.15972912]
average time taken in per clip: 0.000683229203646
NSDR for /amy_2_04.wav : [ 5.71513039]
NSDR for /Ani_1_05.wav : [ 4.21008776]
NSDR for /amy_9_01.wav : [ 8.93606524]
NSDR for /amy_10_06.wav : [ 11.90146253]
NSDR for /amy_6_06.wav : [ 9.3524356]
NSDR for /amy_15_13.wav : [ 3.54992425]
NSDR for /abjones_3_06.wav : [-2.03650065]
NSDR for /amy_12_01.wav : [-0.77046146]
NSDR for /amy_9_06.wav : [ 7.43695007]
NSDR for /Ani_1_04.wav : [ 6.7020496]
GNSDR in the batch: [ 5.24953186]
average time taken in per clip: 0.000682535970666
NSDR for /amy_5_04.wav : [ 4.70886578]
NSDR for /amy_2_03.wav : [ 4.29350185]
NSDR for /abjones_3_03.wav : [ 2.23080983]
NSDR for /Ani_4_10.wav : [ 4.25452925]
NSDR for /abjones_3_02.wav : [ 1.79690693]
NSDR for /abjones_2_06.wav : [ 2.69184888]
NSDR for /abjones_3_04.wav : [-1.03416628]
NSDR for /amy_13_03.wav : [ 10.02153792]
NSDR for /amy_10_02.wav : [ 2.8532786]
NSDR for /Ani_5_05.wav : [ 1.31066866]
GNSDR in the batch: [ 3.61735997]
average time taken in per clip: 0.000657896456071
