NSDR for /amy_13_03.wav : [ 3.8919243]
NSDR for /amy_12_01.wav : [ 0.65525684]
NSDR for /amy_6_03.wav : [ 5.00217703]
NSDR for /abjones_5_05.wav : [-2.494023]
NSDR for /amy_2_06.wav : [ 2.99830825]
NSDR for /abjones_3_03.wav : [ 1.38049042]
NSDR for /amy_6_02.wav : [ 5.07623038]
NSDR for /amy_10_02.wav : [ 2.86817163]
NSDR for /Ani_1_04.wav : [ 4.1801096]
NSDR for /abjones_2_05.wav : [ 4.73549568]
GNSDR in the batch: [ 2.4259942]
average time taken in per clip: 0.000695780051567
NSDR for /amy_8_07.wav : [ 3.52221052]
NSDR for /amy_2_03.wav : [ 2.51797024]
NSDR for /amy_5_04.wav : [ 5.49134235]
NSDR for /abjones_3_14.wav : [-0.67251281]
NSDR for /amy_12_01.wav : [ 0.65525684]
NSDR for /amy_2_06.wav : [ 2.99830825]
NSDR for /Ani_5_05.wav : [ 2.38958517]
NSDR for /abjones_1_01.wav : [ 3.87670684]
NSDR for /amy_10_04.wav : [ 3.94210531]
NSDR for /amy_6_06.wav : [ 5.33633894]
GNSDR in the batch: [ 2.97254969]
average time taken in per clip: 0.000670629327817
NSDR for /Ani_2_03.wav : [ 1.39577494]
NSDR for /Ani_3_06.wav : [ 2.14740006]
NSDR for /amy_8_07.wav : [ 3.52221052]
NSDR for /abjones_1_01.wav : [ 3.87670684]
NSDR for /amy_6_06.wav : [ 5.33633894]
NSDR for /Ani_2_01.wav : [ 2.71443986]
NSDR for /Ani_1_04.wav : [ 4.1801096]
NSDR for /amy_15_13.wav : [ 3.3993329]
NSDR for /amy_11_07.wav : [ 2.78722434]
NSDR for /amy_14_01.wav : [ 4.62289267]
GNSDR in the batch: [ 3.4791915]
average time taken in per clip: 0.000676365017676
NSDR for /Ani_2_01.wav : [ 2.71443986]
NSDR for /abjones_2_06.wav : [ 3.79243414]
NSDR for /Ani_2_03.wav : [ 1.39577494]
NSDR for /amy_10_04.wav : [ 3.94210531]
NSDR for /amy_1_07.wav : [ 4.57088909]
NSDR for /amy_8_07.wav : [ 3.52221052]
NSDR for /abjones_1_02.wav : [ 3.24889995]
NSDR for /amy_2_05.wav : [ 3.62108982]
NSDR for /abjones_1_03.wav : [ 2.17010821]
NSDR for /abjones_4_01.wav : [ 1.52714249]
GNSDR in the batch: [ 3.0942013]
average time taken in per clip: 0.00064875436302
NSDR for /Ani_3_04.wav : [ 1.65404453]
NSDR for /amy_6_02.wav : [ 5.07623038]
NSDR for /amy_15_13.wav : [ 3.3993329]
NSDR for /amy_7_07.wav : [ 5.63039705]
NSDR for /amy_9_09.wav : [ 2.89207963]
NSDR for /amy_10_07.wav : [ 3.49374828]
NSDR for /amy_12_01.wav : [ 0.65525684]
NSDR for /amy_14_01.wav : [ 4.62289267]
NSDR for /amy_11_03.wav : [ 3.08973072]
NSDR for /amy_6_06.wav : [ 5.33633894]
GNSDR in the batch: [ 3.50863064]
average time taken in per clip: 0.000664767053954
