NSDR for /annar_1_02.wav : [-0.13296378]
NSDR for /abjones_1_02.wav : [ 5.02304238]
NSDR for /abjones_2_06.wav : [ 2.70862368]
NSDR for /amy_8_02.wav : [ 6.36100606]
NSDR for /amy_9_06.wav : [ 6.89588438]
NSDR for /amy_2_03.wav : [ 4.56107755]
NSDR for /amy_1_07.wav : [ 7.83161564]
NSDR for /amy_14_01.wav : [ 7.02384158]
NSDR for /Ani_5_05.wav : [ 1.82903231]
NSDR for /amy_13_05.wav : [ 9.27624949]
GNSDR in the batch: [ 5.13723512]
average time taken in per clip: 0.000670153652272
NSDR for /abjones_3_02.wav : [ 1.1862783]
NSDR for /amy_2_03.wav : [ 4.56107755]
NSDR for /abjones_3_06.wav : [-2.05958376]
NSDR for /amy_10_07.wav : [ 6.28638635]
NSDR for /abjones_1_01.wav : [ 4.20176683]
NSDR for /amy_1_07.wav : [ 7.83161564]
NSDR for /amy_8_07.wav : [ 5.98927648]
NSDR for /amy_6_06.wav : [ 9.46031636]
NSDR for /amy_11_07.wav : [ 4.06565938]
NSDR for /abjones_5_05.wav : [-4.49644733]
GNSDR in the batch: [ 3.37345723]
average time taken in per clip: 0.000689477695006
NSDR for /abjones_1_03.wav : [ 3.21199252]
NSDR for /amy_10_07.wav : [ 6.28638635]
NSDR for /Ani_4_10.wav : [ 3.23278398]
NSDR for /Ani_5_05.wav : [ 1.82903231]
NSDR for /abjones_1_01.wav : [ 4.20176683]
NSDR for /abjones_3_04.wav : [-0.68858167]
NSDR for /amy_9_09.wav : [ 5.53643435]
NSDR for /abjones_2_06.wav : [ 2.70862368]
NSDR for /Ani_2_03.wav : [ 0.30538184]
NSDR for /amy_8_07.wav : [ 5.98927648]
GNSDR in the batch: [ 3.429504]
average time taken in per clip: 0.000663252156989
NSDR for /amy_9_06.wav : [ 6.89588438]
NSDR for /Ani_2_03.wav : [ 0.30538184]
NSDR for /Ani_4_10.wav : [ 3.23278398]
NSDR for /amy_7_04.wav : [ 4.60565161]
NSDR for /abjones_5_05.wav : [-4.49644733]
NSDR for /amy_10_07.wav : [ 6.28638635]
NSDR for /Ani_1_01.wav : [ 4.58437262]
NSDR for /Ani_3_04.wav : [ 1.67867109]
NSDR for /amy_11_07.wav : [ 4.06565938]
NSDR for /amy_8_02.wav : [ 6.36100606]
GNSDR in the batch: [ 3.02976791]
average time taken in per clip: 0.000681581811509
NSDR for /abjones_3_06.wav : [-2.05958376]
NSDR for /amy_14_01.wav : [ 7.02384158]
NSDR for /Ani_3_04.wav : [ 1.67867109]
NSDR for /amy_13_03.wav : [ 10.35979714]
NSDR for /amy_9_01.wav : [ 8.55292044]
NSDR for /abjones_3_04.wav : [-0.68858167]
NSDR for /amy_2_06.wav : [ 3.53545768]
NSDR for /abjones_2_05.wav : [ 3.28513034]
NSDR for /amy_12_01.wav : [-0.92414469]
NSDR for /amy_9_05.wav : [ 5.93591763]
GNSDR in the batch: [ 4.09913771]
average time taken in per clip: 0.000689258757181
