NSDR for /jmzen_5_02.wav : [ 4.50102296]
NSDR for /geniusturtle_2_08.wav : [-3.23281992]
NSDR for /geniusturtle_1_01.wav : [-10.68172816]
NSDR for /khair_1_04.wav : [-1.63378955]
NSDR for /jmzen_3_08.wav : [ 4.26403825]
NSDR for /Kenshin_2_11.wav : [ 1.0056958]
NSDR for /Kenshin_4_03.wav : [ 2.96068925]
NSDR for /Kenshin_1_05.wav : [ 2.35077221]
NSDR for /jmzen_5_09.wav : [ 3.72093774]
NSDR for /heycat_4_09.wav : [ 4.01016055]
GNSDR in the batch: [ 0.25030637]
average time taken in per clip: 0.000803353693512
NSDR for /Kenshin_4_05.wav : [-0.85327931]
NSDR for /heycat_2_07.wav : [ 0.74994577]
NSDR for /jmzen_5_02.wav : [ 4.50102296]
NSDR for /heycat_5_01.wav : [ 1.03149949]
NSDR for /Kenshin_1_05.wav : [ 2.35077221]
NSDR for /geniusturtle_1_01.wav : [-10.68172816]
NSDR for /jmzen_1_02.wav : [ 6.73700302]
NSDR for /Kenshin_2_07.wav : [-0.92005238]
NSDR for /jmzen_2_11.wav : [ 4.38510271]
NSDR for /jmzen_4_01.wav : [-0.12280828]
GNSDR in the batch: [ 0.21412483]
average time taken in per clip: 0.000824137107971
NSDR for /Kenshin_1_04.wav : [ 0.48476934]
NSDR for /Kenshin_4_05.wav : [-0.85327931]
NSDR for /Kenshin_4_01.wav : [ 3.29281421]
NSDR for /fdps_3_02.wav : [ 4.931153]
NSDR for /geniusturtle_6_01.wav : [-1.71049539]
NSDR for /geniusturtle_1_07.wav : [-6.38078337]
NSDR for /heycat_2_02.wav : [ 4.48172703]
NSDR for /geniusturtle_4_06.wav : [-8.54819189]
NSDR for /fdps_3_03.wav : [ 6.79637778]
NSDR for /Kenshin_1_02.wav : [ 0.55382561]
GNSDR in the batch: [ 0.13890193]
average time taken in per clip: 0.000815595331978
NSDR for /Kenshin_4_05.wav : [-0.85327931]
NSDR for /Kenshin_4_03.wav : [ 2.96068925]
NSDR for /jmzen_3_08.wav : [ 4.26403825]
NSDR for /Kenshin_1_05.wav : [ 2.35077221]
NSDR for /fdps_5_08.wav : [ 6.35173947]
NSDR for /Kenshin_1_02.wav : [ 0.55382561]
NSDR for /Kenshin_4_04.wav : [-0.69993188]
NSDR for /jmzen_5_02.wav : [ 4.50102296]
NSDR for /geniusturtle_6_01.wav : [-1.71049539]
NSDR for /heycat_2_02.wav : [ 4.48172703]
GNSDR in the batch: [ 1.90795805]
average time taken in per clip: 0.000814031295171
NSDR for /geniusturtle_1_07.wav : [-6.38078337]
NSDR for /geniusturtle_6_02.wav : [-7.47961814]
NSDR for /jmzen_2_11.wav : [ 4.38510271]
NSDR for /jmzen_4_04.wav : [ 6.01224564]
NSDR for /jmzen_1_09.wav : [ 3.15991534]
NSDR for /fdps_3_02.wav : [ 4.931153]
NSDR for /heycat_3_05.wav : [ 4.21807681]
NSDR for /Kenshin_4_01.wav : [ 3.29281421]
NSDR for /geniusturtle_7_05.wav : [-10.09217161]
NSDR for /heycat_5_01.wav : [ 1.03149949]
GNSDR in the batch: [ 0.0208048]
average time taken in per clip: 0.000808946523458
