NSDR for /Kenshin_1_06.wav : [ 3.48301224]
NSDR for /geniusturtle_1_01.wav : [-9.40992245]
NSDR for /fdps_3_02.wav : [ 5.70720995]
NSDR for /jmzen_1_02.wav : [ 6.4136933]
NSDR for /jmzen_3_05.wav : [ 1.83960421]
NSDR for /Kenshin_1_04.wav : [ 0.64717922]
NSDR for /fdps_5_08.wav : [ 5.98570361]
NSDR for /heycat_5_01.wav : [ 1.41936405]
NSDR for /jmzen_5_02.wav : [ 4.89965209]
NSDR for /Kenshin_3_03.wav : [ 1.72885249]
GNSDR in the batch: [ 1.75659759]
average time taken in per clip: 0.000784871796811
NSDR for /fdps_5_08.wav : [ 5.98570361]
NSDR for /jmzen_5_09.wav : [ 3.38207699]
NSDR for /jmzen_5_02.wav : [ 4.89965209]
NSDR for /heycat_3_04.wav : [ 5.06724792]
NSDR for /jmzen_3_08.wav : [ 4.33201255]
NSDR for /Kenshin_4_04.wav : [ 0.10845781]
NSDR for /Kenshin_2_07.wav : [ 0.74182419]
NSDR for /jmzen_4_04.wav : [ 6.35664538]
NSDR for /Kenshin_4_01.wav : [ 3.66824731]
NSDR for /geniusturtle_4_06.wav : [-7.12039681]
GNSDR in the batch: [ 2.9375531]
average time taken in per clip: 0.000782690297153
NSDR for /jmzen_3_09.wav : [ 2.17610606]
NSDR for /jmzen_5_02.wav : [ 4.89965209]
NSDR for /geniusturtle_7_15.wav : [-0.86207525]
NSDR for /fdps_5_08.wav : [ 5.98570361]
NSDR for /geniusturtle_7_05.wav : [-8.81391651]
NSDR for /khair_1_03.wav : [-2.09904372]
NSDR for /Kenshin_1_05.wav : [ 2.96578184]
NSDR for /Kenshin_1_02.wav : [ 0.45055621]
NSDR for /heycat_3_05.wav : [ 4.53310842]
NSDR for /heycat_4_01.wav : [ 2.52941323]
GNSDR in the batch: [ 1.10752709]
average time taken in per clip: 0.00078470453363
NSDR for /Kenshin_3_03.wav : [ 1.72885249]
NSDR for /jmzen_1_02.wav : [ 6.4136933]
NSDR for /heycat_2_07.wav : [ 0.46817585]
NSDR for /fdps_5_02.wav : [ 1.28795876]
NSDR for /heycat_3_05.wav : [ 4.53310842]
NSDR for /geniusturtle_6_01.wav : [-1.48920011]
NSDR for /jmzen_3_05.wav : [ 1.83960421]
NSDR for /geniusturtle_4_06.wav : [-7.12039681]
NSDR for /geniusturtle_7_15.wav : [-0.86207525]
NSDR for /Kenshin_1_05.wav : [ 2.96578184]
GNSDR in the batch: [ 0.94082252]
average time taken in per clip: 0.000770395728289
NSDR for /Kenshin_2_11.wav : [ 1.75344068]
NSDR for /jmzen_1_02.wav : [ 6.4136933]
NSDR for /Kenshin_3_03.wav : [ 1.72885249]
NSDR for /heycat_2_04.wav : [ 5.34243508]
NSDR for /geniusturtle_1_01.wav : [-9.40992245]
NSDR for /jmzen_1_01.wav : [ 4.03958413]
NSDR for /Kenshin_2_07.wav : [ 0.74182419]
NSDR for /heycat_3_05.wav : [ 4.53310842]
NSDR for /fdps_3_02.wav : [ 5.70720995]
NSDR for /heycat_2_07.wav : [ 0.46817585]
GNSDR in the batch: [ 1.58774198]
average time taken in per clip: 0.000761589810371
