NSDR for /fdps_5_02.wav : [ 0.68716638]
NSDR for /heycat_4_09.wav : [ 1.95279437]
NSDR for /geniusturtle_7_05.wav : [-4.47792098]
NSDR for /heycat_2_04.wav : [ 4.19829964]
NSDR for /fdps_5_08.wav : [ 3.61163665]
NSDR for /geniusturtle_6_01.wav : [ 3.62342001]
NSDR for /jmzen_3_09.wav : [ 1.92458262]
NSDR for /Kenshin_4_03.wav : [ 3.86495964]
NSDR for /geniusturtle_6_02.wav : [-2.68679099]
NSDR for /Kenshin_4_05.wav : [ 1.51761142]
GNSDR in the batch: [ 1.33378062]
average time taken in per clip: 0.00075696901027
NSDR for /jmzen_4_04.wav : [ 6.29908838]
NSDR for /jmzen_1_01.wav : [ 2.69429889]
NSDR for /Kenshin_3_03.wav : [ 5.35255912]
NSDR for /khair_1_04.wav : [ 1.24622539]
NSDR for /jmzen_1_09.wav : [ 2.54972345]
NSDR for /geniusturtle_6_02.wav : [-2.68679099]
NSDR for /Kenshin_4_03.wav : [ 3.86495964]
NSDR for /heycat_2_04.wav : [ 4.19829964]
NSDR for /heycat_5_01.wav : [ 3.10480483]
NSDR for /khair_1_03.wav : [-0.69233258]
GNSDR in the batch: [ 2.50218005]
average time taken in per clip: 0.000746956845011
NSDR for /heycat_2_07.wav : [ 0.63823496]
NSDR for /geniusturtle_4_06.wav : [-0.23288427]
NSDR for /jmzen_1_09.wav : [ 2.54972345]
NSDR for /Kenshin_2_07.wav : [ 4.51511565]
NSDR for /fdps_5_08.wav : [ 3.61163665]
NSDR for /khair_1_03.wav : [-0.69233258]
NSDR for /geniusturtle_2_08.wav : [-1.42538913]
NSDR for /Kenshin_4_04.wav : [ 2.7036936]
NSDR for /fdps_3_02.wav : [ 5.26612733]
NSDR for /Kenshin_4_01.wav : [ 4.8392446]
GNSDR in the batch: [ 2.25243454]
average time taken in per clip: 0.00074608762136
NSDR for /Kenshin_2_07.wav : [ 4.51511565]
NSDR for /jmzen_4_01.wav : [ 2.23761473]
NSDR for /fdps_4_03.wav : [ 0.83165291]
NSDR for /geniusturtle_1_07.wav : [-4.20150922]
NSDR for /geniusturtle_1_08.wav : [-4.8742185]
NSDR for /jmzen_1_02.wav : [ 4.01072767]
NSDR for /Kenshin_1_05.wav : [ 4.44435597]
NSDR for /Kenshin_2_11.wav : [ 3.14211568]
NSDR for /geniusturtle_6_01.wav : [ 3.62342001]
NSDR for /jmzen_3_05.wav : [ 2.08811388]
GNSDR in the batch: [ 1.70757785]
average time taken in per clip: 0.00074885100768
NSDR for /Kenshin_4_04.wav : [ 2.7036936]
NSDR for /jmzen_3_05.wav : [ 2.08811388]
NSDR for /fdps_4_03.wav : [ 0.83165291]
NSDR for /Kenshin_2_11.wav : [ 3.14211568]
NSDR for /geniusturtle_2_08.wav : [-1.42538913]
NSDR for /geniusturtle_1_07.wav : [-4.20150922]
NSDR for /Kenshin_4_05.wav : [ 1.51761142]
NSDR for /fdps_3_02.wav : [ 5.26612733]
NSDR for /jmzen_5_09.wav : [ 2.28855012]
NSDR for /Kenshin_3_03.wav : [ 5.35255912]
GNSDR in the batch: [ 1.54198254]
average time taken in per clip: 0.000761358865323
