NSDR for /bug_3_06.wav : [ 3.56003746]
NSDR for /bobon_1_03.wav : [-0.46288618]
NSDR for /ariel_1_06.wav : [ 2.62219964]
NSDR for /bobon_3_02.wav : [ 4.89078098]
NSDR for /annar_5_08.wav : [ 5.89628209]
NSDR for /annar_4_03.wav : [-1.70146641]
NSDR for /bobon_5_11.wav : [ 2.19734038]
NSDR for /fdps_2_03.wav : [ 2.37125732]
NSDR for /annar_3_01.wav : [ 2.97651467]
NSDR for /fdps_2_01.wav : [ 3.47123644]
GNSDR in the batch: [ 2.41641444]
average time taken in per clip: 0.000722121241964
NSDR for /bobon_3_02.wav : [ 4.89078098]
NSDR for /davidson_4_02.wav : [-6.43008174]
NSDR for /bug_1_09.wav : [ 2.47182241]
NSDR for /annar_1_07.wav : [ 2.30148837]
NSDR for /fdps_1_10.wav : [ 4.12660258]
NSDR for /davidson_4_06.wav : [ 1.09246773]
NSDR for /bobon_2_02.wav : [ 0.97520614]
NSDR for /bug_3_06.wav : [ 3.56003746]
NSDR for /davidson_2_07.wav : [ 1.30172239]
NSDR for /ariel_3_02.wav : [ 3.76168246]
GNSDR in the batch: [ 1.81153684]
average time taken in per clip: 0.000739612239538
NSDR for /annar_2_08.wav : [ 4.43769934]
NSDR for /bug_4_03.wav : [ 1.01882279]
NSDR for /davidson_4_04.wav : [-0.59426844]
NSDR for /bobon_3_07.wav : [ 2.92366668]
NSDR for /davidson_5_03.wav : [-2.75691295]
NSDR for /bobon_4_10.wav : [ 3.47245067]
NSDR for /fdps_1_01.wav : [ 5.2973034]
NSDR for /bug_1_09.wav : [ 2.47182241]
NSDR for /davidson_2_04.wav : [-2.71663553]
NSDR for /bobon_2_02.wav : [ 0.97520614]
GNSDR in the batch: [ 1.30630641]
average time taken in per clip: 0.000698108711301
NSDR for /annar_3_01.wav : [ 2.97651467]
NSDR for /fdps_2_07.wav : [ 0.70152905]
NSDR for /bobon_4_09.wav : [ 2.1970798]
NSDR for /ariel_1_04.wav : [ 2.29470663]
NSDR for /davidson_4_06.wav : [ 1.09246773]
NSDR for /ariel_3_02.wav : [ 3.76168246]
NSDR for /bobon_2_04.wav : [ 6.5029812]
NSDR for /annar_2_05.wav : [ 1.01656991]
NSDR for /bobon_4_01.wav : [-0.31452466]
NSDR for /annar_4_03.wav : [-1.70146641]
GNSDR in the batch: [ 1.74577777]
average time taken in per clip: 0.000727354233401
NSDR for /bobon_5_06.wav : [ 3.60375943]
NSDR for /bobon_4_01.wav : [-0.31452466]
NSDR for /bobon_4_09.wav : [ 2.1970798]
NSDR for /annar_3_04.wav : [ 2.59275461]
NSDR for /bug_1_09.wav : [ 2.47182241]
NSDR for /annar_1_07.wav : [ 2.30148837]
NSDR for /fdps_1_05.wav : [ 2.78303732]
NSDR for /bug_3_07.wav : [ 6.12277628]
NSDR for /bobon_1_03.wav : [-0.46288618]
NSDR for /ariel_3_02.wav : [ 3.76168246]
GNSDR in the batch: [ 2.81082032]
average time taken in per clip: 0.000707169941266
