NSDR for /bobon_1_10.wav : [ 5.46276667]
NSDR for /davidson_4_06.wav : [ 1.16642744]
NSDR for /bobon_2_04.wav : [ 6.46085395]
NSDR for /fdps_1_05.wav : [ 4.1086271]
NSDR for /bobon_4_01.wav : [-0.63017467]
NSDR for /bobon_3_02.wav : [ 5.89520935]
NSDR for /davidson_4_02.wav : [-8.86067277]
NSDR for /fdps_1_01.wav : [ 5.28523457]
NSDR for /bobon_4_10.wav : [ 4.26792938]
NSDR for /bobon_5_01.wav : [ 4.623275]
GNSDR in the batch: [ 2.60352917]
average time taken in per clip: 0.000703503048157
NSDR for /ariel_1_06.wav : [ 2.57040538]
NSDR for /davidson_4_04.wav : [-1.10094832]
NSDR for /bobon_3_03.wav : [ 7.19553862]
NSDR for /annar_4_03.wav : [-1.56197349]
NSDR for /davidson_5_03.wav : [-3.67463147]
NSDR for /bobon_2_02.wav : [ 1.06393073]
NSDR for /bobon_1_03.wav : [-0.53047141]
NSDR for /davidson_4_02.wav : [-8.86067277]
NSDR for /ariel_5_08.wav : [ 1.78845805]
NSDR for /bobon_2_04.wav : [ 6.46085395]
GNSDR in the batch: [ 0.63920876]
average time taken in per clip: 0.000724107414025
NSDR for /ariel_1_04.wav : [ 2.00250299]
NSDR for /bug_5_08.wav : [ 2.11919688]
NSDR for /fdps_1_01.wav : [ 5.28523457]
NSDR for /fdps_1_10.wav : [ 3.19903215]
NSDR for /bobon_4_01.wav : [-0.63017467]
NSDR for /annar_1_05.wav : [ 5.21067258]
NSDR for /fdps_1_05.wav : [ 4.1086271]
NSDR for /ariel_5_08.wav : [ 1.78845805]
NSDR for /bug_1_09.wav : [ 1.66822291]
NSDR for /ariel_1_06.wav : [ 2.57040538]
GNSDR in the batch: [ 2.85318641]
average time taken in per clip: 0.000721294722572
NSDR for /davidson_2_07.wav : [ 2.31574199]
NSDR for /bug_3_07.wav : [ 7.07029605]
NSDR for /annar_1_07.wav : [ 2.4351338]
NSDR for /davidson_4_04.wav : [-1.10094832]
NSDR for /bobon_2_04.wav : [ 6.46085395]
NSDR for /bobon_4_10.wav : [ 4.26792938]
NSDR for /davidson_4_02.wav : [-8.86067277]
NSDR for /fdps_2_03.wav : [ 3.46491331]
NSDR for /annar_3_01.wav : [ 2.12293319]
NSDR for /bug_4_03.wav : [ 0.28328367]
GNSDR in the batch: [ 1.99709486]
average time taken in per clip: 0.000677966734181
NSDR for /annar_3_01.wav : [ 2.12293319]
NSDR for /bobon_2_07.wav : [ 4.44251759]
NSDR for /annar_2_05.wav : [-0.20276892]
NSDR for /davidson_3_05.wav : [ 7.61919955]
NSDR for /annar_1_05.wav : [ 5.21067258]
NSDR for /davidson_4_06.wav : [ 1.16642744]
NSDR for /ariel_1_06.wav : [ 2.57040538]
NSDR for /bug_3_07.wav : [ 7.07029605]
NSDR for /bobon_4_01.wav : [-0.63017467]
NSDR for /bobon_3_03.wav : [ 7.19553862]
GNSDR in the batch: [ 3.91487793]
average time taken in per clip: 0.000703106206376
