NSDR for /bobon_1_10.wav : [ 6.30480087]
NSDR for /bobon_3_02.wav : [ 5.50413903]
NSDR for /bobon_3_03.wav : [ 4.97839415]
NSDR for /annar_5_08.wav : [ 7.35114932]
NSDR for /fdps_1_05.wav : [ 5.2605137]
NSDR for /bobon_4_10.wav : [ 4.97772291]
NSDR for /bobon_4_05.wav : [ 0.49076929]
NSDR for /fdps_2_01.wav : [ 5.36637697]
NSDR for /bug_3_06.wav : [ 1.23144612]
NSDR for /bobon_4_09.wav : [ 1.87474947]
GNSDR in the batch: [ 4.19432686]
average time taken in per clip: 0.000677597927258
NSDR for /ariel_5_08.wav : [ 2.91258142]
NSDR for /bobon_5_06.wav : [ 7.24356896]
NSDR for /bobon_1_03.wav : [ 0.88521038]
NSDR for /fdps_1_01.wav : [ 4.8967221]
NSDR for /annar_1_05.wav : [ 2.06843192]
NSDR for /bobon_5_01.wav : [ 6.84366075]
NSDR for /bobon_3_03.wav : [ 4.97839415]
NSDR for /bobon_4_01.wav : [-2.77818065]
NSDR for /bobon_3_07.wav : [ 2.44164322]
NSDR for /fdps_2_03.wav : [ 4.60355595]
GNSDR in the batch: [ 3.62492905]
average time taken in per clip: 0.00068738011529
NSDR for /bug_5_08.wav : [ 0.92317897]
NSDR for /bobon_2_07.wav : [ 4.69404505]
NSDR for /davidson_4_06.wav : [ 1.07018731]
NSDR for /annar_3_01.wav : [-0.84769065]
NSDR for /bobon_3_07.wav : [ 2.44164322]
NSDR for /bobon_2_02.wav : [ 0.79562218]
NSDR for /bobon_1_03.wav : [ 0.88521038]
NSDR for /ariel_5_08.wav : [ 2.91258142]
NSDR for /davidson_4_04.wav : [-1.30029147]
NSDR for /davidson_5_03.wav : [-3.42463403]
GNSDR in the batch: [ 0.85554075]
average time taken in per clip: 0.00068436633514
NSDR for /bug_1_09.wav : [-0.31148887]
NSDR for /annar_2_05.wav : [ 0.19217856]
NSDR for /annar_1_05.wav : [ 2.06843192]
NSDR for /davidson_5_04.wav : [-0.01443932]
NSDR for /bobon_3_07.wav : [ 2.44164322]
NSDR for /bobon_1_03.wav : [ 0.88521038]
NSDR for /bobon_5_11.wav : [ 4.29446928]
NSDR for /fdps_2_03.wav : [ 4.60355595]
NSDR for /annar_2_08.wav : [ 3.51233426]
NSDR for /ariel_3_02.wav : [ 3.76832962]
GNSDR in the batch: [ 2.14464917]
average time taken in per clip: 0.000693456804057
NSDR for /annar_3_01.wav : [-0.84769065]
NSDR for /bug_1_09.wav : [-0.31148887]
NSDR for /bobon_4_05.wav : [ 0.49076929]
NSDR for /bug_5_08.wav : [ 0.92317897]
NSDR for /fdps_2_01.wav : [ 5.36637697]
NSDR for /ariel_1_04.wav : [ 1.07388253]
NSDR for /bobon_5_06.wav : [ 7.24356896]
NSDR for /annar_1_05.wav : [ 2.06843192]
NSDR for /annar_1_07.wav : [ 1.58411393]
NSDR for /davidson_3_05.wav : [ 9.30787312]
GNSDR in the batch: [ 2.69862673]
average time taken in per clip: 0.000683943012226
