NSDR for /stool_2_02.wav : [ 2.43358866]
NSDR for /leon_4_06.wav : [ 5.77206937]
NSDR for /khair_2_01.wav : [ 1.02846659]
NSDR for /leon_3_09.wav : [ 1.8780108]
NSDR for /yifen_2_09.wav : [ 9.0252648]
NSDR for /leon_5_11.wav : [ 6.73884094]
NSDR for /leon_1_08.wav : [ 7.11048202]
NSDR for /leon_5_09.wav : [ 7.90042291]
NSDR for /leon_1_11.wav : [ 7.29805068]
NSDR for /tammy_1_05.wav : [ 1.62230092]
GNSDR in the batch: [ 5.14559115]
average time taken in per clip: 0.000758096174799
NSDR for /leon_2_06.wav : [ 8.03401288]
NSDR for /stool_1_04.wav : [ 2.66588882]
NSDR for /tammy_1_08.wav : [ 7.31849543]
NSDR for /yifen_5_07.wav : [ 5.37714911]
NSDR for /leon_9_03.wav : [ 8.84114207]
NSDR for /khair_3_01.wav : [-3.23393503]
NSDR for /leon_5_09.wav : [ 7.90042291]
NSDR for /leon_1_08.wav : [ 7.11048202]
NSDR for /yifen_4_02.wav : [ 3.59897121]
NSDR for /yifen_2_09.wav : [ 9.0252648]
GNSDR in the batch: [ 5.67665696]
average time taken in per clip: 0.000755595526489
NSDR for /stool_5_03.wav : [ 2.90431565]
NSDR for /stool_4_02.wav : [ 2.08573988]
NSDR for /leon_1_08.wav : [ 7.11048202]
NSDR for /yifen_1_15.wav : [ 3.47525074]
NSDR for /leon_1_12.wav : [ 9.04597157]
NSDR for /yifen_3_05.wav : [ 0.91051185]
NSDR for /leon_4_07.wav : [ 6.00177093]
NSDR for /khair_3_06.wav : [-1.52202162]
NSDR for /yifen_5_07.wav : [ 5.37714911]
NSDR for /khair_3_01.wav : [-3.23393503]
GNSDR in the batch: [ 3.60987433]
average time taken in per clip: 0.000766757592901
NSDR for /leon_1_12.wav : [ 9.04597157]
NSDR for /khair_6_02.wav : [ 0.27449054]
NSDR for /leon_6_05.wav : [ 5.56470085]
NSDR for /leon_1_02.wav : [ 4.38707927]
NSDR for /yifen_2_09.wav : [ 9.0252648]
NSDR for /titon_2_05.wav : [ 10.17524501]
NSDR for /stool_5_03.wav : [ 2.90431565]
NSDR for /tammy_1_08.wav : [ 7.31849543]
NSDR for /leon_4_07.wav : [ 6.00177093]
NSDR for /yifen_5_07.wav : [ 5.37714911]
GNSDR in the batch: [ 6.10095065]
average time taken in per clip: 0.000759693307178
NSDR for /yifen_3_05.wav : [ 0.91051185]
NSDR for /yifen_5_07.wav : [ 5.37714911]
NSDR for /titon_4_07.wav : [ 4.83817584]
NSDR for /leon_2_06.wav : [ 8.03401288]
NSDR for /leon_4_05.wav : [ 4.93434113]
NSDR for /stool_4_01.wav : [ 3.08968746]
NSDR for /leon_1_12.wav : [ 9.04597157]
NSDR for /stool_5_03.wav : [ 2.90431565]
NSDR for /yifen_1_11.wav : [ 5.59938952]
NSDR for /tammy_1_01.wav : [ 0.61354389]
GNSDR in the batch: [ 4.58740718]
average time taken in per clip: 0.000770632461506
