NSDR for /Kenshin_4_05.wav : [ 0.33031604]
NSDR for /fdps_5_04.wav : [ 4.51562692]
NSDR for /jmzen_5_02.wav : [ 5.52231756]
NSDR for /heycat_2_04.wav : [ 4.87721592]
NSDR for /jmzen_2_11.wav : [ 5.65494609]
NSDR for /jmzen_3_05.wav : [ 2.21558906]
NSDR for /heycat_3_04.wav : [ 5.24990106]
NSDR for /geniusturtle_4_06.wav : [-2.07856817]
NSDR for /Kenshin_1_05.wav : [ 4.05422943]
NSDR for /heycat_4_01.wav : [ 2.26401177]
GNSDR in the batch: [ 3.38019537]
average time taken in per clip: 0.000896821657803
NSDR for /fdps_3_02.wav : [ 6.27385262]
NSDR for /jmzen_5_02.wav : [ 5.52231756]
NSDR for /geniusturtle_1_07.wav : [-6.13306851]
NSDR for /jmzen_4_01.wav : [ 2.12395749]
NSDR for /Kenshin_5_01.wav : [ 6.10927701]
NSDR for /jmzen_3_08.wav : [ 4.0137976]
NSDR for /geniusturtle_7_15.wav : [-1.26572242]
NSDR for /jmzen_1_09.wav : [ 2.69661267]
NSDR for /fdps_5_08.wav : [ 4.65712599]
NSDR for /heycat_2_02.wav : [ 6.08049728]
GNSDR in the batch: [ 2.47859965]
average time taken in per clip: 0.00088384854225
NSDR for /geniusturtle_6_01.wav : [ 1.45591582]
NSDR for /heycat_2_02.wav : [ 6.08049728]
NSDR for /fdps_5_08.wav : [ 4.65712599]
NSDR for /geniusturtle_1_01.wav : [-6.89952824]
NSDR for /Kenshin_5_01.wav : [ 6.10927701]
NSDR for /geniusturtle_1_08.wav : [-5.5130915]
NSDR for /fdps_5_02.wav : [ 0.96872234]
NSDR for /Kenshin_1_02.wav : [ 1.94553573]
NSDR for /jmzen_3_05.wav : [ 2.21558906]
NSDR for /heycat_3_05.wav : [ 4.98227366]
GNSDR in the batch: [ 1.22187456]
average time taken in per clip: 0.000872066924942
NSDR for /jmzen_5_09.wav : [ 3.09425818]
NSDR for /Kenshin_4_03.wav : [ 3.65280343]
NSDR for /jmzen_4_04.wav : [ 6.13720992]
NSDR for /geniusturtle_7_04.wav : [-3.42826661]
NSDR for /khair_1_03.wav : [-1.13811525]
NSDR for /jmzen_4_01.wav : [ 2.12395749]
NSDR for /heycat_2_04.wav : [ 4.87721592]
NSDR for /geniusturtle_1_08.wav : [-5.5130915]
NSDR for /Kenshin_4_01.wav : [ 4.60988541]
NSDR for /Kenshin_3_03.wav : [ 3.59903146]
GNSDR in the batch: [ 2.11470335]
average time taken in per clip: 0.000864127451771
NSDR for /geniusturtle_7_15.wav : [-1.26572242]
NSDR for /Kenshin_1_02.wav : [ 1.94553573]
NSDR for /Kenshin_3_03.wav : [ 3.59903146]
NSDR for /Kenshin_4_01.wav : [ 4.60988541]
NSDR for /fdps_5_08.wav : [ 4.65712599]
NSDR for /Kenshin_5_01.wav : [ 6.10927701]
NSDR for /jmzen_4_01.wav : [ 2.12395749]
NSDR for /Kenshin_4_03.wav : [ 3.65280343]
NSDR for /jmzen_3_09.wav : [ 2.19239446]
NSDR for /geniusturtle_2_08.wav : [-1.91635852]
GNSDR in the batch: [ 2.26263035]
average time taken in per clip: 0.000900199376726
