NSDR for /amy_5_04.wav : [ 5.88729226]
NSDR for /Ani_1_04.wav : [ 5.13552087]
NSDR for /abjones_3_04.wav : [-0.33159147]
NSDR for /amy_2_03.wav : [ 3.80299717]
NSDR for /Ani_5_05.wav : [ 2.11797261]
NSDR for /abjones_3_14.wav : [-0.89558661]
NSDR for /amy_11_03.wav : [ 4.57618161]
NSDR for /amy_12_01.wav : [-0.11928618]
NSDR for /amy_7_04.wav : [ 3.94994196]
NSDR for /amy_2_06.wav : [ 3.85397431]
GNSDR in the batch: [ 2.68931539]
average time taken in per clip: 0.00064824525028
NSDR for /Ani_1_04.wav : [ 5.13552087]
NSDR for /amy_1_07.wav : [ 5.91002971]
NSDR for /amy_11_07.wav : [ 3.77685772]
NSDR for /amy_5_04.wav : [ 5.88729226]
NSDR for /annar_1_02.wav : [ 1.35415561]
NSDR for /Ani_5_05.wav : [ 2.11797261]
NSDR for /amy_11_03.wav : [ 4.57618161]
NSDR for /Ani_4_10.wav : [-0.66473762]
NSDR for /amy_2_05.wav : [ 4.62008982]
NSDR for /amy_14_01.wav : [ 6.03070853]
GNSDR in the batch: [ 3.9727507]
average time taken in per clip: 0.000676209212326
NSDR for /amy_14_01.wav : [ 6.03070853]
NSDR for /amy_7_07.wav : [ 7.42087042]
NSDR for /amy_5_04.wav : [ 5.88729226]
NSDR for /amy_2_06.wav : [ 3.85397431]
NSDR for /Ani_5_05.wav : [ 2.11797261]
NSDR for /amy_11_03.wav : [ 4.57618161]
NSDR for /abjones_1_03.wav : [ 3.04101572]
NSDR for /annar_1_02.wav : [ 1.35415561]
NSDR for /amy_8_02.wav : [ 5.42483972]
NSDR for /Ani_1_04.wav : [ 5.13552087]
GNSDR in the batch: [ 4.49123338]
average time taken in per clip: 0.000666643632112
NSDR for /amy_6_03.wav : [ 5.95690158]
NSDR for /amy_9_09.wav : [ 3.98043048]
NSDR for /amy_7_04.wav : [ 3.94994196]
NSDR for /amy_9_05.wav : [ 4.66263405]
NSDR for /amy_6_02.wav : [ 6.56969737]
NSDR for /amy_10_02.wav : [ 3.22257199]
NSDR for /amy_2_06.wav : [ 3.85397431]
NSDR for /amy_13_05.wav : [ 4.50520819]
NSDR for /abjones_1_03.wav : [ 3.04101572]
NSDR for /amy_10_06.wav : [ 7.82696271]
GNSDR in the batch: [ 4.70570674]
average time taken in per clip: 0.000654182816414
NSDR for /amy_10_07.wav : [ 4.29290512]
NSDR for /Ani_1_04.wav : [ 5.13552087]
NSDR for /abjones_3_02.wav : [ 0.91683576]
NSDR for /amy_9_06.wav : [ 5.09756407]
NSDR for /amy_14_01.wav : [ 6.03070853]
NSDR for /abjones_2_06.wav : [ 2.91901606]
NSDR for /amy_2_04.wav : [ 5.21765433]
NSDR for /amy_6_02.wav : [ 6.56969737]
NSDR for /amy_13_03.wav : [ 7.19226222]
NSDR for /amy_6_06.wav : [ 7.69487507]
GNSDR in the batch: [ 5.15643246]
average time taken in per clip: 0.000659007932423
